<?xml version="1.0" encoding="UTF-8"?>
<!-- Generated by org.testng.reporters.JUnitReportReporter -->
<testsuite hostname="DESKTOP-IPVOHCG" failures="0" tests="1" name="maventesting.demo.MavenTest" time="3.269" errors="0" timestamp="2024-10-29T17:22:32 IST" skipped="0">
  <testcase classname="maventesting.demo.MavenTest" name="setUp" time="3.269"/>
  <system-out/>
</testsuite> <!-- maventesting.demo.MavenTest -->
